[2016-06-01 14:44:05] local.ERROR: exception 'PDOException' with message 'SQLSTATE[HY000]: General error: 1005 Can't create table 'HNS.#sql-1329_34' (errno: 150)' in /var/www/html/health/vendor/laravel/framework/src/Illuminate/Database/Connection.php:441
Stack trace:
#0 /var/www/html/health/vendor/laravel/framework/src/Illuminate/Database/Connection.php(441): PDOStatement->execute(Array)
#1 /var/www/html/health/vendor/laravel/framework/src/Illuminate/Database/Connection.php(706): Illuminate\Database\Connection->Illuminate\Database\{closure}(Object(Illuminate\Database\MySqlConnection), 'alter table `re...', Array)
#2 /var/www/html/health/vendor/laravel/framework/src/Illuminate/Database/Connection.php(669): Illuminate\Database\Connection->runQueryCallback('alter table `re...', Array, Object(Closure))
#3 /var/www/html/health/vendor/laravel/framework/src/Illuminate/Database/Connection.php(442): Illuminate\Database\Connection->run('alter table `re...', Array, Object(Closure))
#4 /var/www/html/health/vendor/laravel/framework/src/Illuminate/Database/Schema/Blueprint.php(83): Illuminate\Database\Connection->statement('alter table `re...')
#5 /var/www/html/health/vendor/laravel/framework/src/Illuminate/Database/Schema/Builder.php(229): Illuminate\Database\Schema\Blueprint->build(Object(Illuminate\Database\MySqlConnection), Object(Illuminate\Database\Schema\Grammars\MySqlGrammar))
#6 /var/www/html/health/vendor/laravel/framework/src/Illuminate/Database/Schema/Builder.php(148): Illuminate\Database\Schema\Builder->build(Object(Illuminate\Database\Schema\Blueprint))
#7 /var/www/html/health/vendor/laravel/framework/src/Illuminate/Support/Facades/Facade.php(219): Illuminate\Database\Schema\Builder->create('results', Object(Closure))
#8 /var/www/html/health/database/migrations/2016_06_01_142310_create_results_table.php(27): Illuminate\Support\Facades\Facade::__callStatic('create', Array)
#9 /var/www/html/health/database/migrations/2016_06_01_142310_create_results_table.php(27): Illuminate\Support\Facades\Schema::create('results', Object(Closure))
#10 /var/www/html/health/vendor/laravel/framework/src/Illuminate/Database/Migrations/Migrator.php(147): CreateResultsTable->up()
#11 /var/www/html/health/vendor/laravel/framework/src/Illuminate/Database/Migrations/Migrator.php(117): Illuminate\Database\Migrations\Migrator->runUp('2016_06_01_1423...', 2, false)
#12 /var/www/html/health/vendor/laravel/framework/src/Illuminate/Database/Migrations/Migrator.php(86): Illuminate\Database\Migrations\Migrator->runMigrationList(Array, Array)
#13 /var/www/html/health/vendor/laravel/framework/src/Illuminate/Database/Console/Migrations/MigrateCommand.php(77): Illuminate\Database\Migrations\Migrator->run('/var/www/html/h...', Array)
#14 [internal function]: Illuminate\Database\Console\Migrations\MigrateCommand->fire()
#15 /var/www/html/health/vendor/laravel/framework/src/Illuminate/Container/Container.php(507): call_user_func_array(Array, Array)
#16 /var/www/html/health/vendor/laravel/framework/src/Illuminate/Console/Command.php(169): Illuminate\Container\Container->call(Array)
#17 /var/www/html/health/vendor/symfony/console/Command/Command.php(256): Illuminate\Console\Command->execute(Object(Symfony\Component\Console\Input\ArgvInput), Object(Symfony\Component\Console\Output\ConsoleOutput))
#18 /var/www/html/health/vendor/laravel/framework/src/Illuminate/Console/Command.php(155): Symfony\Component\Console\Command\Command->run(Object(Symfony\Component\Console\Input\ArgvInput), Object(Symfony\Component\Console\Output\ConsoleOutput))
#19 /var/www/html/health/vendor/symfony/console/Application.php(791): Illuminate\Console\Command->run(Object(Symfony\Component\Console\Input\ArgvInput), Object(Symfony\Component\Console\Output\ConsoleOutput))
#20 /var/www/html/health/vendor/symfony/console/Application.php(186): Symfony\Component\Console\Application->doRunCommand(Object(Illuminate\Database\Console\Migrations\MigrateCommand), Object(Symfony\Component\Console\Input\ArgvInput), Object(Symfony\Component\Console\Output\ConsoleOutput))
#21 /var/www/html/health/vendor/symfony/console/Application.php(117): Symfony\Component\Console\Application->doRun(Object(Symfony\Component\Console\Input\ArgvInput), Object(Symfony\Component\Console\Output\ConsoleOutput))
#22 /var/www/html/health/vendor/laravel/framework/src/Illuminate/Foundation/Console/Kernel.php(107): Symfony\Component\Console\Application->run(Object(Symfony\Component\Console\Input\ArgvInput), Object(Symfony\Component\Console\Output\ConsoleOutput))
#23 /var/www/html/health/artisan(36): Illuminate\Foundation\Console\Kernel->handle(Object(Symfony\Component\Console\Input\ArgvInput), Object(Symfony\Component\Console\Output\ConsoleOutput))
#24 {main}

Next exception 'Illuminate\Database\QueryException' with message 'SQLSTATE[HY000]: General error: 1005 Can't create table 'HNS.#sql-1329_34' (errno: 150) (SQL: alter table `results` add constraint `results_user_id_foreign` foreign key (`user_id`) references `users` (`id`))' in /var/www/html/health/vendor/laravel/framework/src/Illuminate/Database/Connection.php:713
Stack trace:
#0 /var/www/html/health/vendor/laravel/framework/src/Illuminate/Database/Connection.php(669): Illuminate\Database\Connection->runQueryCallback('alter table `re...', Array, Object(Closure))
#1 /var/www/html/health/vendor/laravel/framework/src/Illuminate/Database/Connection.php(442): Illuminate\Database\Connection->run('alter table `re...', Array, Object(Closure))
#2 /var/www/html/health/vendor/laravel/framework/src/Illuminate/Database/Schema/Blueprint.php(83): Illuminate\Database\Connection->statement('alter table `re...')
#3 /var/www/html/health/vendor/laravel/framework/src/Illuminate/Database/Schema/Builder.php(229): Illuminate\Database\Schema\Blueprint->build(Object(Illuminate\Database\MySqlConnection), Object(Illuminate\Database\Schema\Grammars\MySqlGrammar))
#4 /var/www/html/health/vendor/laravel/framework/src/Illuminate/Database/Schema/Builder.php(148): Illuminate\Database\Schema\Builder->build(Object(Illuminate\Database\Schema\Blueprint))
#5 /var/www/html/health/vendor/laravel/framework/src/Illuminate/Support/Facades/Facade.php(219): Illuminate\Database\Schema\Builder->create('results', Object(Closure))
#6 /var/www/html/health/database/migrations/2016_06_01_142310_create_results_table.php(27): Illuminate\Support\Facades\Facade::__callStatic('create', Array)
#7 /var/www/html/health/database/migrations/2016_06_01_142310_create_results_table.php(27): Illuminate\Support\Facades\Schema::create('results', Object(Closure))
#8 /var/www/html/health/vendor/laravel/framework/src/Illuminate/Database/Migrations/Migrator.php(147): CreateResultsTable->up()
#9 /var/www/html/health/vendor/laravel/framework/src/Illuminate/Database/Migrations/Migrator.php(117): Illuminate\Database\Migrations\Migrator->runUp('2016_06_01_1423...', 2, false)
#10 /var/www/html/health/vendor/laravel/framework/src/Illuminate/Database/Migrations/Migrator.php(86): Illuminate\Database\Migrations\Migrator->runMigrationList(Array, Array)
#11 /var/www/html/health/vendor/laravel/framework/src/Illuminate/Database/Console/Migrations/MigrateCommand.php(77): Illuminate\Database\Migrations\Migrator->run('/var/www/html/h...', Array)
#12 [internal function]: Illuminate\Database\Console\Migrations\MigrateCommand->fire()
#13 /var/www/html/health/vendor/laravel/framework/src/Illuminate/Container/Container.php(507): call_user_func_array(Array, Array)
#14 /var/www/html/health/vendor/laravel/framework/src/Illuminate/Console/Command.php(169): Illuminate\Container\Container->call(Array)
#15 /var/www/html/health/vendor/symfony/console/Command/Command.php(256): Illuminate\Console\Command->execute(Object(Symfony\Component\Console\Input\ArgvInput), Object(Symfony\Component\Console\Output\ConsoleOutput))
#16 /var/www/html/health/vendor/laravel/framework/src/Illuminate/Console/Command.php(155): Symfony\Component\Console\Command\Command->run(Object(Symfony\Component\Console\Input\ArgvInput), Object(Symfony\Component\Console\Output\ConsoleOutput))
#17 /var/www/html/health/vendor/symfony/console/Application.php(791): Illuminate\Console\Command->run(Object(Symfony\Component\Console\Input\ArgvInput), Object(Symfony\Component\Console\Output\ConsoleOutput))
#18 /var/www/html/health/vendor/symfony/console/Application.php(186): Symfony\Component\Console\Application->doRunCommand(Object(Illuminate\Database\Console\Migrations\MigrateCommand), Object(Symfony\Component\Console\Input\ArgvInput), Object(Symfony\Component\Console\Output\ConsoleOutput))
#19 /var/www/html/health/vendor/symfony/console/Application.php(117): Symfony\Component\Console\Application->doRun(Object(Symfony\Component\Console\Input\ArgvInput), Object(Symfony\Component\Console\Output\ConsoleOutput))
#20 /var/www/html/health/vendor/laravel/framework/src/Illuminate/Foundation/Console/Kernel.php(107): Symfony\Component\Console\Application->run(Object(Symfony\Component\Console\Input\ArgvInput), Object(Symfony\Component\Console\Output\ConsoleOutput))
#21 /var/www/html/health/artisan(36): Illuminate\Foundation\Console\Kernel->handle(Object(Symfony\Component\Console\Input\ArgvInput), Object(Symfony\Component\Console\Output\ConsoleOutput))
#22 {main}  
[2016-06-01 14:45:56] local.ERROR: exception 'PDOException' with message 'SQLSTATE[42S01]: Base table or view already exists: 1050 Table 'results' already exists' in /var/www/html/health/vendor/laravel/framework/src/Illuminate/Database/Connection.php:441
Stack trace:
#0 /var/www/html/health/vendor/laravel/framework/src/Illuminate/Database/Connection.php(441): PDOStatement->execute(Array)
#1 /var/www/html/health/vendor/laravel/framework/src/Illuminate/Database/Connection.php(706): Illuminate\Database\Connection->Illuminate\Database\{closure}(Object(Illuminate\Database\MySqlConnection), 'create table `r...', Array)
#2 /var/www/html/health/vendor/laravel/framework/src/Illuminate/Database/Connection.php(669): Illuminate\Database\Connection->runQueryCallback('create table `r...', Array, Object(Closure))
#3 /var/www/html/health/vendor/laravel/framework/src/Illuminate/Database/Connection.php(442): Illuminate\Database\Connection->run('create table `r...', Array, Object(Closure))
#4 /var/www/html/health/vendor/laravel/framework/src/Illuminate/Database/Schema/Blueprint.php(83): Illuminate\Database\Connection->statement('create table `r...')
#5 /var/www/html/health/vendor/laravel/framework/src/Illuminate/Database/Schema/Builder.php(229): Illuminate\Database\Schema\Blueprint->build(Object(Illuminate\Database\MySqlConnection), Object(Illuminate\Database\Schema\Grammars\MySqlGrammar))
#6 /var/www/html/health/vendor/laravel/framework/src/Illuminate/Database/Schema/Builder.php(148): Illuminate\Database\Schema\Builder->build(Object(Illuminate\Database\Schema\Blueprint))
#7 /var/www/html/health/vendor/laravel/framework/src/Illuminate/Support/Facades/Facade.php(219): Illuminate\Database\Schema\Builder->create('results', Object(Closure))
#8 /var/www/html/health/database/migrations/2016_06_01_142310_create_results_table.php(27): Illuminate\Support\Facades\Facade::__callStatic('create', Array)
#9 /var/www/html/health/database/migrations/2016_06_01_142310_create_results_table.php(27): Illuminate\Support\Facades\Schema::create('results', Object(Closure))
#10 /var/www/html/health/vendor/laravel/framework/src/Illuminate/Database/Migrations/Migrator.php(147): CreateResultsTable->up()
#11 /var/www/html/health/vendor/laravel/framework/src/Illuminate/Database/Migrations/Migrator.php(117): Illuminate\Database\Migrations\Migrator->runUp('2016_06_01_1423...', 1, false)
#12 /var/www/html/health/vendor/laravel/framework/src/Illuminate/Database/Migrations/Migrator.php(86): Illuminate\Database\Migrations\Migrator->runMigrationList(Array, Array)
#13 /var/www/html/health/vendor/laravel/framework/src/Illuminate/Database/Console/Migrations/MigrateCommand.php(77): Illuminate\Database\Migrations\Migrator->run('/var/www/html/h...', Array)
#14 [internal function]: Illuminate\Database\Console\Migrations\MigrateCommand->fire()
#15 /var/www/html/health/vendor/laravel/framework/src/Illuminate/Container/Container.php(507): call_user_func_array(Array, Array)
#16 /var/www/html/health/vendor/laravel/framework/src/Illuminate/Console/Command.php(169): Illuminate\Container\Container->call(Array)
#17 /var/www/html/health/vendor/symfony/console/Command/Command.php(256): Illuminate\Console\Command->execute(Object(Symfony\Component\Console\Input\ArgvInput), Object(Symfony\Component\Console\Output\ConsoleOutput))
#18 /var/www/html/health/vendor/laravel/framework/src/Illuminate/Console/Command.php(155): Symfony\Component\Console\Command\Command->run(Object(Symfony\Component\Console\Input\ArgvInput), Object(Symfony\Component\Console\Output\ConsoleOutput))
#19 /var/www/html/health/vendor/symfony/console/Application.php(791): Illuminate\Console\Command->run(Object(Symfony\Component\Console\Input\ArgvInput), Object(Symfony\Component\Console\Output\ConsoleOutput))
#20 /var/www/html/health/vendor/symfony/console/Application.php(186): Symfony\Component\Console\Application->doRunCommand(Object(Illuminate\Database\Console\Migrations\MigrateCommand), Object(Symfony\Component\Console\Input\ArgvInput), Object(Symfony\Component\Console\Output\ConsoleOutput))
#21 /var/www/html/health/vendor/symfony/console/Application.php(117): Symfony\Component\Console\Application->doRun(Object(Symfony\Component\Console\Input\ArgvInput), Object(Symfony\Component\Console\Output\ConsoleOutput))
#22 /var/www/html/health/vendor/laravel/framework/src/Illuminate/Foundation/Console/Kernel.php(107): Symfony\Component\Console\Application->run(Object(Symfony\Component\Console\Input\ArgvInput), Object(Symfony\Component\Console\Output\ConsoleOutput))
#23 /var/www/html/health/artisan(36): Illuminate\Foundation\Console\Kernel->handle(Object(Symfony\Component\Console\Input\ArgvInput), Object(Symfony\Component\Console\Output\ConsoleOutput))
#24 {main}

Next exception 'Illuminate\Database\QueryException' with message 'SQLSTATE[42S01]: Base table or view already exists: 1050 Table 'results' already exists (SQL: create table `results` (`id` int unsigned not null auto_increment primary key, `user_id` int unsigned not null, `date_consult` date not null, `weight` varchar(255) not null, `body_fat` varchar(255) not null, `visceral_fat` varchar(255) not null, `imc` varchar(255) not null, `body_age` varchar(255) not null, `created_at` timestamp null, `updated_at` timestamp null) default character set utf8 collate utf8_unicode_ci)' in /var/www/html/health/vendor/laravel/framework/src/Illuminate/Database/Connection.php:713
Stack trace:
#0 /var/www/html/health/vendor/laravel/framework/src/Illuminate/Database/Connection.php(669): Illuminate\Database\Connection->runQueryCallback('create table `r...', Array, Object(Closure))
#1 /var/www/html/health/vendor/laravel/framework/src/Illuminate/Database/Connection.php(442): Illuminate\Database\Connection->run('create table `r...', Array, Object(Closure))
#2 /var/www/html/health/vendor/laravel/framework/src/Illuminate/Database/Schema/Blueprint.php(83): Illuminate\Database\Connection->statement('create table `r...')
#3 /var/www/html/health/vendor/laravel/framework/src/Illuminate/Database/Schema/Builder.php(229): Illuminate\Database\Schema\Blueprint->build(Object(Illuminate\Database\MySqlConnection), Object(Illuminate\Database\Schema\Grammars\MySqlGrammar))
#4 /var/www/html/health/vendor/laravel/framework/src/Illuminate/Database/Schema/Builder.php(148): Illuminate\Database\Schema\Builder->build(Object(Illuminate\Database\Schema\Blueprint))
#5 /var/www/html/health/vendor/laravel/framework/src/Illuminate/Support/Facades/Facade.php(219): Illuminate\Database\Schema\Builder->create('results', Object(Closure))
#6 /var/www/html/health/database/migrations/2016_06_01_142310_create_results_table.php(27): Illuminate\Support\Facades\Facade::__callStatic('create', Array)
#7 /var/www/html/health/database/migrations/2016_06_01_142310_create_results_table.php(27): Illuminate\Support\Facades\Schema::create('results', Object(Closure))
#8 /var/www/html/health/vendor/laravel/framework/src/Illuminate/Database/Migrations/Migrator.php(147): CreateResultsTable->up()
#9 /var/www/html/health/vendor/laravel/framework/src/Illuminate/Database/Migrations/Migrator.php(117): Illuminate\Database\Migrations\Migrator->runUp('2016_06_01_1423...', 1, false)
#10 /var/www/html/health/vendor/laravel/framework/src/Illuminate/Database/Migrations/Migrator.php(86): Illuminate\Database\Migrations\Migrator->runMigrationList(Array, Array)
#11 /var/www/html/health/vendor/laravel/framework/src/Illuminate/Database/Console/Migrations/MigrateCommand.php(77): Illuminate\Database\Migrations\Migrator->run('/var/www/html/h...', Array)
#12 [internal function]: Illuminate\Database\Console\Migrations\MigrateCommand->fire()
#13 /var/www/html/health/vendor/laravel/framework/src/Illuminate/Container/Container.php(507): call_user_func_array(Array, Array)
#14 /var/www/html/health/vendor/laravel/framework/src/Illuminate/Console/Command.php(169): Illuminate\Container\Container->call(Array)
#15 /var/www/html/health/vendor/symfony/console/Command/Command.php(256): Illuminate\Console\Command->execute(Object(Symfony\Component\Console\Input\ArgvInput), Object(Symfony\Component\Console\Output\ConsoleOutput))
#16 /var/www/html/health/vendor/laravel/framework/src/Illuminate/Console/Command.php(155): Symfony\Component\Console\Command\Command->run(Object(Symfony\Component\Console\Input\ArgvInput), Object(Symfony\Component\Console\Output\ConsoleOutput))
#17 /var/www/html/health/vendor/symfony/console/Application.php(791): Illuminate\Console\Command->run(Object(Symfony\Component\Console\Input\ArgvInput), Object(Symfony\Component\Console\Output\ConsoleOutput))
#18 /var/www/html/health/vendor/symfony/console/Application.php(186): Symfony\Component\Console\Application->doRunCommand(Object(Illuminate\Database\Console\Migrations\MigrateCommand), Object(Symfony\Component\Console\Input\ArgvInput), Object(Symfony\Component\Console\Output\ConsoleOutput))
#19 /var/www/html/health/vendor/symfony/console/Application.php(117): Symfony\Component\Console\Application->doRun(Object(Symfony\Component\Console\Input\ArgvInput), Object(Symfony\Component\Console\Output\ConsoleOutput))
#20 /var/www/html/health/vendor/laravel/framework/src/Illuminate/Foundation/Console/Kernel.php(107): Symfony\Component\Console\Application->run(Object(Symfony\Component\Console\Input\ArgvInput), Object(Symfony\Component\Console\Output\ConsoleOutput))
#21 /var/www/html/health/artisan(36): Illuminate\Foundation\Console\Kernel->handle(Object(Symfony\Component\Console\Input\ArgvInput), Object(Symfony\Component\Console\Output\ConsoleOutput))
#22 {main}  
